<?xml version="1.0" encoding="UTF-8"?>
<!-- Generated by org.testng.reporters.JUnitReportReporter -->
<testsuite hostname="SG-LT-344" failures="0" tests="1" name="dayamedHealth.ProvidersEditPatient" time="106.728" errors="0" timestamp="2022-01-30T08:07:36 IST" skipped="0">
  <testcase classname="dayamedHealth.ProvidersEditPatient" name="providersEditPatient" time="106.728"/>
  <system-out/>
</testsuite> <!-- dayamedHealth.ProvidersEditPatient -->
