<?xml version="1.0" encoding="UTF-8"?>
<!-- Generated by org.testng.reporters.JUnitReportReporter -->
<testsuite hostname="SG-LT-344" failures="0" tests="1" name="dayamedHealth.PharmacistAdminPatientNotifications" time="66.931" errors="0" timestamp="2022-02-22T14:19:25 IST" skipped="0">
  <testcase classname="dayamedHealth.PharmacistAdminPatientNotifications" name="pharmacistPatientNotifications" time="66.931"/>
  <system-out/>
</testsuite> <!-- dayamedHealth.PharmacistAdminPatientNotifications -->
