<?xml version="1.0" encoding="UTF-8"?>
<!-- Generated by org.testng.reporters.JUnitReportReporter -->
<testsuite hostname="SG-LT-344" failures="0" tests="1" name="dayamedHealth.PhramacistAdminLoginPage" time="60.404" errors="0" timestamp="2022-02-24T16:04:29 IST" skipped="0">
  <testcase classname="dayamedHealth.PhramacistAdminLoginPage" name="pharmacistAdminLoginPage" time="60.404"/>
  <system-out/>
</testsuite> <!-- dayamedHealth.PhramacistAdminLoginPage -->
