<?xml version="1.0" encoding="UTF-8"?>
<!-- Generated by org.testng.reporters.JUnitReportReporter -->
<testsuite hostname="SG-LT-344" failures="0" tests="1" name="dayamedHealth.PharmacitAddPrescription" time="259.945" errors="0" timestamp="2022-02-24T14:58:48 IST" skipped="0">
  <testcase classname="dayamedHealth.PharmacitAddPrescription" name="pharmacistAddPrescription" time="259.945"/>
  <system-out/>
</testsuite> <!-- dayamedHealth.PharmacitAddPrescription -->
