<?xml version="1.0" encoding="UTF-8"?>
<!-- Generated by org.testng.reporters.JUnitReportReporter -->
<testsuite hostname="SG-LT-344" failures="0" tests="1" name="dayamedHealth.AdminProvidersEditPatient" time="106.991" errors="0" timestamp="2022-02-22T11:47:52 IST" skipped="0">
  <testcase classname="dayamedHealth.AdminProvidersEditPatient" name="providersEditPatient" time="106.991"/>
  <system-out/>
</testsuite> <!-- dayamedHealth.AdminProvidersEditPatient -->
