<?xml version="1.0" encoding="UTF-8"?>
<!-- Generated by org.testng.reporters.JUnitReportReporter -->
<testsuite hostname="SG-LT-344" failures="0" tests="1" name="dayamedHealth.PharmacistEditPatient" time="206.986" errors="0" timestamp="2022-02-22T16:27:37 IST" skipped="0">
  <testcase classname="dayamedHealth.PharmacistEditPatient" name="editPatient" time="206.986"/>
  <system-out/>
</testsuite> <!-- dayamedHealth.PharmacistEditPatient -->
