<?xml version="1.0" encoding="UTF-8"?>
<!-- Generated by org.testng.reporters.JUnitReportReporter -->
<testsuite hostname="SG-LT-344" failures="0" tests="1" name="dayamedHealth.PharmacistPatientReports" time="168.052" errors="0" timestamp="2022-02-22T16:33:57 IST" skipped="0">
  <testcase classname="dayamedHealth.PharmacistPatientReports" name="pharmacistPatientReports" time="168.052"/>
  <system-out/>
</testsuite> <!-- dayamedHealth.PharmacistPatientReports -->
