<?xml version="1.0" encoding="UTF-8"?>
<!-- Generated by org.testng.reporters.JUnitReportReporter -->
<testsuite hostname="SG-LT-344" failures="0" tests="1" name="dayamedHealth.AdminCareGiver" time="85.128" errors="0" timestamp="2022-03-04T07:54:45 IST" skipped="0">
  <testcase classname="dayamedHealth.AdminCareGiver" name="careGiver" time="85.128"/>
  <system-out/>
</testsuite> <!-- dayamedHealth.AdminCareGiver -->
