<?xml version="1.0" encoding="UTF-8"?>
<!-- Generated by org.testng.reporters.JUnitReportReporter -->
<testsuite hostname="SG-LT-344" failures="0" tests="1" name="dayamedHealth.PharmacistAdminZoomCall" time="81.160" errors="0" timestamp="2022-02-22T14:42:10 IST" skipped="0">
  <testcase classname="dayamedHealth.PharmacistAdminZoomCall" name="pharmacistZoomCall" time="81.160"/>
  <system-out/>
</testsuite> <!-- dayamedHealth.PharmacistAdminZoomCall -->
