<?xml version="1.0" encoding="UTF-8"?>
<!-- Generated by org.testng.reporters.JUnitReportReporter -->
<testsuite hostname="SG-LT-344" failures="0" tests="1" name="dayamedHealth.PharmacistAdminPatientViewPrescription" time="99.288" errors="0" timestamp="2022-02-22T14:40:36 IST" skipped="0">
  <testcase classname="dayamedHealth.PharmacistAdminPatientViewPrescription" name="patientViewPrescription" time="99.288"/>
  <system-out/>
</testsuite> <!-- dayamedHealth.PharmacistAdminPatientViewPrescription -->
