<?xml version="1.0" encoding="UTF-8"?>
<!-- Generated by org.testng.reporters.JUnitReportReporter -->
<testsuite hostname="SG-LT-344" failures="0" tests="1" name="dayamedHealth.PharmacistPatientNotifications" time="75.963" errors="0" timestamp="2022-02-22T16:30:56 IST" skipped="0">
  <testcase classname="dayamedHealth.PharmacistPatientNotifications" name="pharmacistPatientNotifications" time="75.963"/>
  <system-out/>
</testsuite> <!-- dayamedHealth.PharmacistPatientNotifications -->
