<?xml version="1.0" encoding="UTF-8"?>
<!-- Generated by org.testng.reporters.JUnitReportReporter -->
<testsuite hostname="SG-LT-344" failures="0" tests="1" name="dayamedHealth.PharmacistAdminPatientReports" time="178.361" errors="0" timestamp="2022-02-22T14:36:16 IST" skipped="0">
  <testcase classname="dayamedHealth.PharmacistAdminPatientReports" name="pharmacistPatientReports" time="178.361"/>
  <system-out/>
</testsuite> <!-- dayamedHealth.PharmacistAdminPatientReports -->
