<?xml version="1.0" encoding="UTF-8"?>
<!-- Generated by org.testng.reporters.JUnitReportReporter -->
<testsuite hostname="SG-LT-344" failures="0" tests="1" name="dayamedHealth.AdminProviderViewPatients" time="93.110" errors="0" timestamp="2022-02-22T11:49:39 IST" skipped="0">
  <testcase classname="dayamedHealth.AdminProviderViewPatients" name="providerViewPatients" time="93.110"/>
  <system-out/>
</testsuite> <!-- dayamedHealth.AdminProviderViewPatients -->
