<?xml version="1.0" encoding="UTF-8"?>
<!-- Generated by org.testng.reporters.JUnitReportReporter -->
<testsuite hostname="SG-LT-344" failures="0" tests="1" name="dayamedHealth.PatientViewPrescription" time="88.240" errors="0" timestamp="2022-01-30T08:07:36 IST" skipped="0">
  <testcase classname="dayamedHealth.PatientViewPrescription" name="patientViewPrescription" time="88.240"/>
  <system-out/>
</testsuite> <!-- dayamedHealth.PatientViewPrescription -->
