<?xml version="1.0" encoding="UTF-8"?>
<!-- Generated by org.testng.reporters.JUnitReportReporter -->
<testsuite hostname="SG-LT-344" failures="0" tests="1" name="dayamedHealth.EditProviderData" time="37.559" errors="0" timestamp="2022-01-30T08:07:36 IST" skipped="0">
  <testcase classname="dayamedHealth.EditProviderData" name="editProviderData" time="37.559"/>
  <system-out/>
</testsuite> <!-- dayamedHealth.EditProviderData -->
