<?xml version="1.0" encoding="UTF-8"?>
<!-- Generated by org.testng.reporters.JUnitReportReporter -->
<testsuite hostname="SG-LT-344" failures="0" tests="1" name="dayamedHealth.PharmacitAdmiAddPrescription" time="242.230" errors="0" timestamp="2022-02-24T15:06:14 IST" skipped="0">
  <testcase classname="dayamedHealth.PharmacitAdmiAddPrescription" name="pharmacistAddPrescription" time="242.230"/>
  <system-out/>
</testsuite> <!-- dayamedHealth.PharmacitAdmiAddPrescription -->
