<?xml version="1.0" encoding="UTF-8"?>
<!-- Generated by org.testng.reporters.JUnitReportReporter -->
<testsuite hostname="SG-LT-344" failures="0" tests="1" name="dayamedHealth.AdminReportsLink" time="189.247" errors="0" timestamp="2022-02-22T11:53:10 IST" skipped="0">
  <testcase classname="dayamedHealth.AdminReportsLink" name="reportsLink" time="189.247"/>
  <system-out/>
</testsuite> <!-- dayamedHealth.AdminReportsLink -->
