<?xml version="1.0" encoding="UTF-8"?>
<!-- Generated by org.testng.reporters.JUnitReportReporter -->
<testsuite hostname="SG-LT-344" failures="0" tests="1" name="dayamedHealth.PharmacistZoomCall" time="81.591" errors="0" timestamp="2022-02-18T15:25:17 IST" skipped="0">
  <testcase classname="dayamedHealth.PharmacistZoomCall" name="pharmacistZoomCall" time="81.591"/>
  <system-out/>
</testsuite> <!-- dayamedHealth.PharmacistZoomCall -->
