<?xml version="1.0" encoding="UTF-8"?>
<!-- Generated by org.testng.reporters.JUnitReportReporter -->
<testsuite hostname="SG-LT-344" failures="0" tests="1" name="dayamedHealth.EditPatient" time="76.901" errors="0" timestamp="2022-01-31T09:03:03 IST" skipped="0">
  <testcase classname="dayamedHealth.EditPatient" name="editPatient" time="76.901"/>
  <system-out/>
</testsuite> <!-- dayamedHealth.EditPatient -->
