<?xml version="1.0" encoding="UTF-8"?>
<!-- Generated by org.testng.reporters.JUnitReportReporter -->
<testsuite hostname="SG-LT-344" failures="0" tests="1" name="dayamedHealth.AdminEditProviderData" time="45.679" errors="0" timestamp="2022-02-22T11:44:10 IST" skipped="0">
  <testcase classname="dayamedHealth.AdminEditProviderData" name="editProviderData" time="45.679"/>
  <system-out/>
</testsuite> <!-- dayamedHealth.AdminEditProviderData -->
