<?xml version="1.0" encoding="UTF-8"?>
<!-- Generated by org.testng.reporters.JUnitReportReporter -->
<testsuite hostname="SG-LT-344" failures="0" tests="1" name="dayamedHealth.PharmacistPatientModifyPrescription" time="111.271" errors="0" timestamp="2022-02-05T16:54:38 IST" skipped="0">
  <testcase classname="dayamedHealth.PharmacistPatientModifyPrescription" name="patientViewPrescription" time="111.271"/>
  <system-out/>
</testsuite> <!-- dayamedHealth.PharmacistPatientModifyPrescription -->
