<?xml version="1.0" encoding="UTF-8"?>
<!-- Generated by org.testng.reporters.JUnitReportReporter -->
<testsuite hostname="SG-LT-344" failures="0" tests="1" name="dayamedHealth.PharmacistPatientViewPrescription" time="96.117" errors="0" timestamp="2022-02-05T19:03:02 IST" skipped="0">
  <testcase classname="dayamedHealth.PharmacistPatientViewPrescription" name="patientViewPrescription" time="96.117"/>
  <system-out/>
</testsuite> <!-- dayamedHealth.PharmacistPatientViewPrescription -->
