<?xml version="1.0" encoding="UTF-8"?>
<!-- Generated by org.testng.reporters.JUnitReportReporter -->
<testsuite hostname="SG-LT-344" failures="0" tests="1" name="dayamedHealth.AdminHomePage" time="53.992" errors="0" timestamp="2022-03-04T07:52:02 IST" skipped="0">
  <testcase classname="dayamedHealth.AdminHomePage" name="homePage" time="53.992"/>
  <system-out/>
</testsuite> <!-- dayamedHealth.AdminHomePage -->
